////// 2012-12-10 13:53:31 cron.php --run=workingschedule/updatesite

////// 

////// 2012-12-10 13:57:11 cron.php --run=workingschedule/updateActual/HO/2012-12-06 --show-output
<pre>2012-12-06 07:00:00</pre><pre>2012-12-06 07:00:00</pre><pre>2012-12-06 07:00:00</pre><pre>2012-12-06 07:00:00</pre><pre>2012-12-06 07:00:00</pre><pre>2012-12-06 07:00:00</pre><pre>2012-12-06 07:00:00</pre><pre>2012-12-06 07:00:00</pre><pre>2012-12-06 07:00:00</pre><pre>2012-12-06 07:00:00</pre><pre>2012-12-06 07:00:00</pre><pre>2012-12-06 07:00:00</pre><pre>2012-12-06 07:00:00</pre><pre>2012-12-06 07:00:00</pre><pre>2012-12-06 07:00:00</pre><pre>2012-12-06 07:00:00</pre><pre>2012-12-06 07:00:00</pre><pre>2012-12-06 07:00:00</pre><pre>2012-12-06 07:00:00</pre><pre>2012-12-06 07:00:00</pre><pre>2012-12-06 07:00:00</pre><pre>2012-12-06 07:00:00</pre><pre>2012-12-06 07:00:00</pre><pre>2012-12-06 07:00:00</pre><pre>2012-12-06 07:00:00</pre><pre>2012-12-06 07:00:00</pre><pre>2012-12-06 07:00:00</pre><pre>2012-12-06 07:00:00</pre><pre>2012-12-06 07:00:00</pre><pre>2012-12-06 07:00:00</pre><pre>2012-12-06 07:00:00</pre><pre>2012-12-06 07:00:00</pre><pre>2012-12-06 07:00:00</pre><pre>2012-12-06 07:00:00</pre><pre>2012-12-06 07:00:00</pre><pre>2012-12-06 07:00:00</pre><pre>2012-12-06 07:00:00</pre><pre>2012-12-06 07:00:00</pre><pre>2012-12-06 07:00:00</pre><pre>2012-12-06 07:00:00</pre><pre>2012-12-06 07:00:00</pre><pre>2012-12-06 07:00:00</pre><pre>2012-12-06 07:00:00</pre><pre>2012-12-06 07:00:00</pre><pre>2012-12-06 07:00:00</pre><pre>2012-12-06 07:00:00</pre><pre>2012-12-06 07:00:00</pre><pre>2012-12-06 07:00:00</pre><pre>2012-12-06 07:00:00</pre><pre>2012-12-06 07:00:00</pre><pre>2012-12-06 07:00:00</pre><pre>2012-12-06 07:00:00</pre><pre>2012-12-06 07:00:00</pre><pre>2012-12-06 07:00:00</pre><pre>2012-12-06 07:00:00</pre><pre>2012-12-06 07:00:00</pre><pre>2012-12-06 07:00:00</pre><pre>2012-12-06 07:00:00</pre><pre>2012-12-06 07:00:00</pre><pre>2012-12-06 07:00:00</pre><pre>2012-12-06 07:00:00</pre><pre>2012-12-06 07:00:00</pre><pre>2012-12-06 07:00:00</pre><pre>2012-12-06 07:00:00</pre><pre>2012-12-06 07:00:00</pre><pre>2012-12-06 07:00:00</pre><pre>2012-12-06 07:00:00</pre><pre>2012-12-06 07:00:00</pre><pre>2012-12-06 07:00:00</pre><pre>2012-12-06 07:00:00</pre><pre>2012-12-06 07:00:00</pre><pre>2012-12-06 07:00:00</pre><pre>2012-12-06 07:00:00</pre><pre>2012-12-06 07:00:00</pre><pre>2012-12-06 07:00:00</pre><pre>2012-12-06 07:00:00</pre><pre>2012-12-06 07:00:00</pre><pre>2012-12-06 07:00:00</pre>
////// 

////// 2012-12-10 13:58:22 cron.php --run=workingschedule/test --show-output
OKOK
////// 

////// 2012-12-10 14:03:40 cron.php --run=workingschedule/test
OKOK
////// 

////// 2012-12-10 14:04:41 cron.php --run=workingschedule/test --show-output
OKOK
////// 

////// 2012-12-10 14:09:13 cron.php --run=workingschedule/test
OKOK
////// 

////// 2012-12-10 14:09:46 cron.php --run=workingschedule/test --show-output
OKOK
////// 

////// 2012-12-10 14:11:25 cron.php --run=workingschedule/test --show-output
OKOK
////// 

////// 2012-12-10 14:18:14 cron.php --run=workingschedule/updateactual/HO/mydate --show-output

////// 

////// 2012-12-10 14:19:05 cron.php --run=workingschedule/updateactual/HO/2012-12-02 --show-output

////// 

////// 2012-12-10 14:20:24 cron.php --run=workingschedule/updateactual/2012-12-02 --show-output

////// 

////// 2012-12-10 14:21:34 cron.php --run=workingschedule/updateactual/HO/ --show-output

////// 

////// 2012-12-10 14:22:23 cron.php --run=workingschedule/updateactual/HO/ --show-output

////// 

////// 2012-12-10 14:24:29 cron.php --run=workingschedule/updateactual/HO/2012-12-03 --show-output
<pre>2012-12-03 07:00:00</pre><pre>2012-12-03 07:00:00</pre><pre>2012-12-03 07:00:00</pre><pre>2012-12-03 07:00:00</pre><pre>2012-12-03 07:00:00</pre><pre>2012-12-03 07:00:00</pre><pre>2012-12-03 07:00:00</pre><pre>2012-12-03 07:00:00</pre><pre>2012-12-03 07:00:00</pre><pre>2012-12-03 07:00:00</pre><pre>2012-12-03 07:00:00</pre><pre>2012-12-03 07:00:00</pre><pre>2012-12-03 07:00:00</pre><pre>2012-12-03 07:00:00</pre><pre>2012-12-03 07:00:00</pre><pre>2012-12-03 07:00:00</pre><pre>2012-12-03 07:00:00</pre><pre>2012-12-03 07:00:00</pre><pre>2012-12-03 07:00:00</pre><pre>2012-12-03 07:00:00</pre><pre>2012-12-03 07:00:00</pre><pre>2012-12-03 07:00:00</pre><pre>2012-12-03 07:00:00</pre><pre>2012-12-03 07:00:00</pre><pre>2012-12-03 07:00:00</pre><pre>2012-12-03 07:00:00</pre><pre>2012-12-03 07:00:00</pre><pre>2012-12-03 07:00:00</pre><pre>2012-12-03 07:00:00</pre><pre>2012-12-03 07:00:00</pre><pre>2012-12-03 07:00:00</pre><pre>2012-12-03 07:00:00</pre><pre>2012-12-03 07:00:00</pre><pre>2012-12-03 07:00:00</pre><pre>2012-12-03 07:00:00</pre><pre>2012-12-03 07:00:00</pre><pre>2012-12-03 07:00:00</pre><pre>2012-12-03 07:00:00</pre><pre>2012-12-03 07:00:00</pre><pre>2012-12-03 07:00:00</pre><pre>2012-12-03 07:00:00</pre><pre>2012-12-03 07:00:00</pre><pre>2012-12-03 07:00:00</pre><pre>2012-12-03 07:00:00</pre><pre>2012-12-03 07:00:00</pre><pre>2012-12-03 07:00:00</pre><pre>2012-12-03 07:00:00</pre><pre>2012-12-03 07:00:00</pre><pre>2012-12-03 07:00:00</pre><pre>2012-12-03 07:00:00</pre><pre>2012-12-03 07:00:00</pre><pre>2012-12-03 07:00:00</pre><pre>2012-12-03 07:00:00</pre><pre>2012-12-03 07:00:00</pre><pre>2012-12-03 07:00:00</pre><pre>2012-12-03 07:00:00</pre><pre>2012-12-03 07:00:00</pre><pre>2012-12-03 07:00:00</pre><pre>2012-12-03 07:00:00</pre><pre>2012-12-03 07:00:00</pre><pre>2012-12-03 07:00:00</pre><pre>2012-12-03 07:00:00</pre><pre>2012-12-03 07:00:00</pre><pre>2012-12-03 07:00:00</pre><pre>2012-12-03 07:00:00</pre><pre>2012-12-03 07:00:00</pre><pre>2012-12-03 07:00:00</pre><pre>2012-12-03 07:00:00</pre><pre>2012-12-03 07:00:00</pre><pre>2012-12-03 07:00:00</pre><pre>2012-12-03 07:00:00</pre><pre>2012-12-03 07:00:00</pre><pre>2012-12-03 07:00:00</pre><pre>2012-12-03 07:00:00</pre><pre>2012-12-03 07:00:00</pre><pre>2012-12-03 07:00:00</pre><pre>2012-12-03 07:00:00</pre><pre>2012-12-03 07:00:00</pre><pre>2012-12-03 07:00:00</pre><pre>2012-12-03 07:00:00</pre>
////// 

////// 2012-12-10 14:27:25 cron.php --run=workingschedule/updateactual/HO/10122012 --show-output

////// 

////// 2012-12-10 14:34:45 cron.php --run=workingschedule/updateactual/HO/20121210 --show-output

////// 

////// 2012-12-10 14:35:22 cron.php --run=workingschedule/updateactual/HO/2012-12-10 --show-output

////// 

////// 2012-12-11 08:26:10 cron.php --run=workingschedule/UpdateSite/SGU/2012-12-11 --show-output

////// 

////// 2012-12-27 15:11:25 cron.php --run=workingschedule/UpdateSite/SGU/2012-12-11 --show-output

////// 

////// 2012-12-27 15:13:29 cron.php --run=workingschedule/UpdateSite/SGU/2012-12-11 --show-output

////// 

